{
  "stats": {
    "suites": 4,
    "tests": 12,
    "passes": 11,
    "pending": 0,
    "failures": 1,
    "start": "2022-08-04T18:54:59.184Z",
    "end": "2022-08-04T18:55:00.567Z",
    "duration": 1383,
    "testsRegistered": 12,
    "passPercent": 91.66666666666666,
    "pendingPercent": 0,
    "other": 0,
    "hasOther": false,
    "skipped": 0,
    "hasSkipped": false
  },
  "results": [
    {
      "uuid": "d818e1f8-910c-4ab2-9a4c-dbada8fb6188",
      "title": "",
      "fullFile": "",
      "file": "",
      "beforeHooks": [],
      "afterHooks": [],
      "tests": [],
      "suites": [
        {
          "uuid": "e4795a00-6f1a-4188-b8cf-715e7fceca89",
          "title": "Suite 1",
          "fullFile": "C:\\Users\\LENOVO\\Desktop\\typescript_testing\\QA Box Let's Test\\7.Html Report Mochawesome Report\\test\\app.spec.js",
          "file": "\\test\\app.spec.js",
          "beforeHooks": [
            {
              "title": "\"before all\" hook in \"Suite 1\"",
              "fullTitle": "Suite 1 \"before all\" hook in \"Suite 1\"",
              "timedOut": false,
              "duration": 1,
              "state": null,
              "speed": null,
              "pass": false,
              "fail": false,
              "pending": false,
              "context": null,
              "code": "console.log('before');",
              "err": {},
              "uuid": "34929b42-f5c6-43ff-a0ff-22fe9fc9bd2c",
              "parentUUID": "e4795a00-6f1a-4188-b8cf-715e7fceca89",
              "isHook": true,
              "skipped": false
            },
            {
              "title": "\"before each\" hook in \"Suite 1\"",
              "fullTitle": "Suite 1 \"before each\" hook in \"Suite 1\"",
              "timedOut": false,
              "duration": 1,
              "state": null,
              "speed": null,
              "pass": false,
              "fail": false,
              "pending": false,
              "context": null,
              "code": "console.log('beforeEach');",
              "err": {},
              "uuid": "184a4a38-f72a-436e-bd7c-3ed97da8bd0a",
              "parentUUID": "e4795a00-6f1a-4188-b8cf-715e7fceca89",
              "isHook": true,
              "skipped": false
            }
          ],
          "afterHooks": [
            {
              "title": "\"after all\" hook in \"Suite 1\"",
              "fullTitle": "Suite 1 \"after all\" hook in \"Suite 1\"",
              "timedOut": false,
              "duration": 0,
              "state": null,
              "speed": null,
              "pass": false,
              "fail": false,
              "pending": false,
              "context": null,
              "code": "console.log('after');",
              "err": {},
              "uuid": "bd9a01ae-d233-4331-8c4d-6baa1911398a",
              "parentUUID": "e4795a00-6f1a-4188-b8cf-715e7fceca89",
              "isHook": true,
              "skipped": false
            },
            {
              "title": "\"after each\" hook in \"Suite 1\"",
              "fullTitle": "Suite 1 \"after each\" hook in \"Suite 1\"",
              "timedOut": false,
              "duration": 0,
              "state": null,
              "speed": null,
              "pass": false,
              "fail": false,
              "pending": false,
              "context": null,
              "code": "console.log('afterEach');",
              "err": {},
              "uuid": "2e4ed1ff-2111-47f8-8040-704da322e4e1",
              "parentUUID": "e4795a00-6f1a-4188-b8cf-715e7fceca89",
              "isHook": true,
              "skipped": false
            }
          ],
          "tests": [
            {
              "title": "add(2, 3) should return 5",
              "fullTitle": "Suite 1 add(2, 3) should return 5",
              "timedOut": false,
              "duration": 1,
              "state": "passed",
              "speed": "fast",
              "pass": true,
              "fail": false,
              "pending": false,
              "context": null,
              "code": "console.log('it');",
              "err": {},
              "uuid": "0a54bff6-c8df-4f65-a600-e404f3ce9a9d",
              "parentUUID": "e4795a00-6f1a-4188-b8cf-715e7fceca89",
              "isHook": false,
              "skipped": false
            },
            {
              "title": "two",
              "fullTitle": "Suite 1 two",
              "timedOut": false,
              "duration": 0,
              "state": "passed",
              "speed": "fast",
              "pass": true,
              "fail": false,
              "pending": false,
              "context": null,
              "code": "console.log('it two');",
              "err": {},
              "uuid": "b921f0ce-0fb9-4a65-a648-0ccca88e0c3b",
              "parentUUID": "e4795a00-6f1a-4188-b8cf-715e7fceca89",
              "isHook": false,
              "skipped": false
            }
          ],
          "suites": [],
          "passes": [
            "0a54bff6-c8df-4f65-a600-e404f3ce9a9d",
            "b921f0ce-0fb9-4a65-a648-0ccca88e0c3b"
          ],
          "failures": [],
          "pending": [],
          "skipped": [],
          "duration": 1,
          "root": false,
          "rootEmpty": false,
          "_timeout": 2000
        },
        {
          "uuid": "95f896cb-31f8-41be-8466-b87970f97571",
          "title": "Suite 2",
          "fullFile": "C:\\Users\\LENOVO\\Desktop\\typescript_testing\\QA Box Let's Test\\7.Html Report Mochawesome Report\\test\\app.spec.js",
          "file": "\\test\\app.spec.js",
          "beforeHooks": [
            {
              "title": "\"before all\" hook in \"Suite 2\"",
              "fullTitle": "Suite 2 \"before all\" hook in \"Suite 2\"",
              "timedOut": false,
              "duration": 1,
              "state": null,
              "speed": null,
              "pass": false,
              "fail": false,
              "pending": false,
              "context": null,
              "code": "console.log('suiteSetup');",
              "err": {},
              "uuid": "3fdffa14-c530-4ef3-a8d5-1f5072c9be84",
              "parentUUID": "95f896cb-31f8-41be-8466-b87970f97571",
              "isHook": true,
              "skipped": false
            },
            {
              "title": "\"before each\" hook in \"Suite 2\"",
              "fullTitle": "Suite 2 \"before each\" hook in \"Suite 2\"",
              "timedOut": false,
              "duration": 0,
              "state": null,
              "speed": null,
              "pass": false,
              "fail": false,
              "pending": false,
              "context": null,
              "code": "console.log('setup');",
              "err": {},
              "uuid": "87d8f3ab-bc79-4fe4-b7e1-0c1cda8d1faa",
              "parentUUID": "95f896cb-31f8-41be-8466-b87970f97571",
              "isHook": true,
              "skipped": false
            }
          ],
          "afterHooks": [
            {
              "title": "\"after all\" hook in \"Suite 2\"",
              "fullTitle": "Suite 2 \"after all\" hook in \"Suite 2\"",
              "timedOut": false,
              "duration": 0,
              "state": null,
              "speed": null,
              "pass": false,
              "fail": false,
              "pending": false,
              "context": null,
              "code": "console.log('suiteTeardown');",
              "err": {},
              "uuid": "799c956a-f31b-460f-bcea-7ef91de922cd",
              "parentUUID": "95f896cb-31f8-41be-8466-b87970f97571",
              "isHook": true,
              "skipped": false
            },
            {
              "title": "\"after each\" hook in \"Suite 2\"",
              "fullTitle": "Suite 2 \"after each\" hook in \"Suite 2\"",
              "timedOut": false,
              "duration": 1,
              "state": null,
              "speed": null,
              "pass": false,
              "fail": false,
              "pending": false,
              "context": null,
              "code": "console.log('teardown');",
              "err": {},
              "uuid": "966a340c-a31e-4c88-95af-d48a3a50e22a",
              "parentUUID": "95f896cb-31f8-41be-8466-b87970f97571",
              "isHook": true,
              "skipped": false
            }
          ],
          "tests": [
            {
              "title": "add(3, 3) should return 6",
              "fullTitle": "Suite 2 add(3, 3) should return 6",
              "timedOut": false,
              "duration": 0,
              "state": "passed",
              "speed": "fast",
              "pass": true,
              "fail": false,
              "pending": false,
              "context": null,
              "code": "console.log('test');",
              "err": {},
              "uuid": "8e389ca0-7fd3-4a3a-892d-bac918db386e",
              "parentUUID": "95f896cb-31f8-41be-8466-b87970f97571",
              "isHook": false,
              "skipped": false
            },
            {
              "title": "test 2",
              "fullTitle": "Suite 2 test 2",
              "timedOut": false,
              "duration": 1,
              "state": "passed",
              "speed": "fast",
              "pass": true,
              "fail": false,
              "pending": false,
              "context": null,
              "code": "console.log('test 2');",
              "err": {},
              "uuid": "63432b07-fd21-4240-aa1a-c1e8b6c5d299",
              "parentUUID": "95f896cb-31f8-41be-8466-b87970f97571",
              "isHook": false,
              "skipped": false
            }
          ],
          "suites": [],
          "passes": [
            "8e389ca0-7fd3-4a3a-892d-bac918db386e",
            "63432b07-fd21-4240-aa1a-c1e8b6c5d299"
          ],
          "failures": [],
          "pending": [],
          "skipped": [],
          "duration": 1,
          "root": false,
          "rootEmpty": false,
          "_timeout": 2000
        },
        {
          "uuid": "958ad792-32ea-4d08-8a57-ce5d37588977",
          "title": "Async test suite",
          "fullFile": "C:\\Users\\LENOVO\\Desktop\\typescript_testing\\QA Box Let's Test\\7.Html Report Mochawesome Report\\test\\async.app.spec.js",
          "file": "\\test\\async.app.spec.js",
          "beforeHooks": [],
          "afterHooks": [],
          "tests": [
            {
              "title": "Promised based way",
              "fullTitle": "Async test suite Promised based way",
              "timedOut": false,
              "duration": 201,
              "state": "passed",
              "speed": "fast",
              "pass": true,
              "fail": false,
              "pending": false,
              "context": null,
              "code": "return axios.get('https://reqres.in/api/users/2').then(res => {\n    expect(res.data.data.email).to.be.equal('janet.weaver@reqres.in');\n})",
              "err": {},
              "uuid": "d462f1df-dfb7-444c-97da-345c4c83e35b",
              "parentUUID": "958ad792-32ea-4d08-8a57-ce5d37588977",
              "isHook": false,
              "skipped": false
            },
            {
              "title": "done based way",
              "fullTitle": "Async test suite done based way",
              "timedOut": false,
              "duration": 149,
              "state": "passed",
              "speed": "fast",
              "pass": true,
              "fail": false,
              "pending": false,
              "context": null,
              "code": "axios.get('https://reqres.in/api/users/2').then(res => {\n    expect(res.data.data.email).to.be.equal('janet.weaver@reqres.in');\n    done();\n}).catch(err => {\n    done(err);\n})",
              "err": {},
              "uuid": "134e611a-6194-4ff7-aa16-74082ef9cfd2",
              "parentUUID": "958ad792-32ea-4d08-8a57-ce5d37588977",
              "isHook": false,
              "skipped": false
            },
            {
              "title": "async await based way",
              "fullTitle": "Async test suite async await based way",
              "timedOut": false,
              "duration": 144,
              "state": "passed",
              "speed": "fast",
              "pass": true,
              "fail": false,
              "pending": false,
              "context": null,
              "code": "const res = await axios.get('https://reqres.in/api/users/2')\nexpect(res.data.data.email).to.be.equal('janet.weaver@reqres.in');",
              "err": {},
              "uuid": "dbf10c5b-6221-40f7-8563-c6ca96fd894e",
              "parentUUID": "958ad792-32ea-4d08-8a57-ce5d37588977",
              "isHook": false,
              "skipped": false
            },
            {
              "title": "Test 2",
              "fullTitle": "Async test suite Test 2",
              "timedOut": false,
              "duration": 0,
              "state": "passed",
              "speed": "fast",
              "pass": true,
              "fail": false,
              "pending": false,
              "context": null,
              "code": "console.log('test 2');",
              "err": {},
              "uuid": "0f55959d-a7b1-47d7-9544-0b048050a1b7",
              "parentUUID": "958ad792-32ea-4d08-8a57-ce5d37588977",
              "isHook": false,
              "skipped": false
            }
          ],
          "suites": [],
          "passes": [
            "d462f1df-dfb7-444c-97da-345c4c83e35b",
            "134e611a-6194-4ff7-aa16-74082ef9cfd2",
            "dbf10c5b-6221-40f7-8563-c6ca96fd894e",
            "0f55959d-a7b1-47d7-9544-0b048050a1b7"
          ],
          "failures": [],
          "pending": [],
          "skipped": [],
          "duration": 494,
          "root": false,
          "rootEmpty": false,
          "_timeout": 2000
        },
        {
          "uuid": "8085e45f-ccc2-483f-8687-3ae539d9dd9b",
          "title": "2 - async test suite",
          "fullFile": "C:\\Users\\LENOVO\\Desktop\\typescript_testing\\QA Box Let's Test\\7.Html Report Mochawesome Report\\test\\async.app.spec.js",
          "file": "\\test\\async.app.spec.js",
          "beforeHooks": [],
          "afterHooks": [],
          "tests": [
            {
              "title": "Promised based way",
              "fullTitle": "2 - async test suite Promised based way",
              "timedOut": false,
              "duration": 148,
              "state": "failed",
              "speed": null,
              "pass": false,
              "fail": true,
              "pending": false,
              "context": null,
              "code": "return axios.get('https://reqres.in/api/users/2').then(res => {\n    expect(res.data.data.email).to.be.equal('janet.weaver@reqres.int');\n})",
              "err": {
                "message": "AssertionError: expected 'janet.weaver@reqres.in' to equal 'janet.weaver@reqres.int'",
                "estack": "AssertionError: expected 'janet.weaver@reqres.in' to equal 'janet.weaver@reqres.int'\n    at C:\\Users\\LENOVO\\Desktop\\typescript_testing\\QA Box Let's Test\\7.Html Report Mochawesome Report\\test\\async.app.spec.js:37:47\n    at processTicksAndRejections (node:internal/process/task_queues:96:5)",
                "diff": "- janet.weaver@reqres.in\n+ janet.weaver@reqres.int\n"
              },
              "uuid": "9733d7ba-28b1-4328-ba38-cb65e09ca8dc",
              "parentUUID": "8085e45f-ccc2-483f-8687-3ae539d9dd9b",
              "isHook": false,
              "skipped": false
            },
            {
              "title": "done based way",
              "fullTitle": "2 - async test suite done based way",
              "timedOut": false,
              "duration": 123,
              "state": "passed",
              "speed": "fast",
              "pass": true,
              "fail": false,
              "pending": false,
              "context": null,
              "code": "axios.get('https://reqres.in/api/users/2').then(res => {\n    expect(res.data.data.email).to.be.equal('janet.weaver@reqres.in');\n    done();\n}).catch(err => {\n    done(err);\n})",
              "err": {},
              "uuid": "ad73329f-38f9-4bb1-9277-5e6aad803360",
              "parentUUID": "8085e45f-ccc2-483f-8687-3ae539d9dd9b",
              "isHook": false,
              "skipped": false
            },
            {
              "title": "async await based way",
              "fullTitle": "2 - async test suite async await based way",
              "timedOut": false,
              "duration": 120,
              "state": "passed",
              "speed": "fast",
              "pass": true,
              "fail": false,
              "pending": false,
              "context": null,
              "code": "const res = await axios.get('https://reqres.in/api/users/2')\nexpect(res.data.data.email).to.be.equal('janet.weaver@reqres.in');",
              "err": {},
              "uuid": "7dba5c7a-1109-41a0-9001-671a698f89ed",
              "parentUUID": "8085e45f-ccc2-483f-8687-3ae539d9dd9b",
              "isHook": false,
              "skipped": false
            },
            {
              "title": "Test 2",
              "fullTitle": "2 - async test suite Test 2",
              "timedOut": false,
              "duration": 1,
              "state": "passed",
              "speed": "fast",
              "pass": true,
              "fail": false,
              "pending": false,
              "context": null,
              "code": "console.log('test 2');",
              "err": {},
              "uuid": "0984c4bf-a7da-4857-98b3-076d98dc09af",
              "parentUUID": "8085e45f-ccc2-483f-8687-3ae539d9dd9b",
              "isHook": false,
              "skipped": false
            }
          ],
          "suites": [],
          "passes": [
            "ad73329f-38f9-4bb1-9277-5e6aad803360",
            "7dba5c7a-1109-41a0-9001-671a698f89ed",
            "0984c4bf-a7da-4857-98b3-076d98dc09af"
          ],
          "failures": [
            "9733d7ba-28b1-4328-ba38-cb65e09ca8dc"
          ],
          "pending": [],
          "skipped": [],
          "duration": 392,
          "root": false,
          "rootEmpty": false,
          "_timeout": 2000
        }
      ],
      "passes": [],
      "failures": [],
      "pending": [],
      "skipped": [],
      "duration": 0,
      "root": true,
      "rootEmpty": true,
      "_timeout": 2000
    }
  ],
  "meta": {
    "mocha": {
      "version": "10.0.0"
    },
    "mochawesome": {
      "options": {
        "quiet": false,
        "reportFilename": "Test_Report",
        "saveHtml": true,
        "saveJson": true,
        "consoleReporter": "spec",
        "useInlineDiffs": false,
        "code": true
      },
      "version": "7.1.3"
    },
    "marge": {
      "options": {
        "reportDir": "Report",
        "reportFilename": "Test_Report"
      },
      "version": "6.2.0"
    }
  }
}